<?xml version="1.0" encoding="UTF-8"?>
<testsuite xmlns:xsi="http://www.w3.org/2001/XMLSchema-instance" xsi:noNamespaceSchemaLocation="https://maven.apache.org/surefire/maven-surefire-plugin/xsd/surefire-test-report-3.0.xsd" version="3.0" name="com.barkbuddiesrescue.BarkBuddies.BarkBuddiesApplicationTests" time="2.445" tests="1" errors="0" skipped="0" failures="0">
  <properties>
[...]
</properties>
  <testcase name="contextLoads" classname="com.barkbuddiesrescue.BarkBuddies.BarkBuddiesApplicationTests" time="0.722">
    <system-out><![CDATA[16:41:46.056 [main] INFO org.springframework.test.context.support.AnnotationConfigContextLoaderUtils -- Could not detect default configuration classes for test class [com.barkbuddiesrescue.BarkBuddies.BarkBuddiesApplicationTests]: BarkBuddiesApplicationTests does not declare any static, non-private, non-final, nested classes annotated with @Configuration.
16:41:46.141 [main] INFO org.springframework.boot.test.context.SpringBootTestContextBootstrapper -- Found @SpringBootConfiguration com.barkbuddiesrescue.BarkBuddies.BarkBuddiesApplication for test class com.barkbuddiesrescue.BarkBuddies.BarkBuddiesApplicationTests

  .   ____          _            __ _ _
 /\\ / ___'_ __ _ _(_)_ __  __ _ \ \ \ \
( ( )\___ | '_ | '_| | '_ \/ _` | \ \ \ \
 \\/  ___)| |_)| | | | | || (_| |  ) ) ) )
  '  |____| .__|_| |_|_| |_\__, | / / / /
 =========|_|==============|___/=/_/_/_/

 :: Spring Boot ::                (v3.3.4)

2024-10-15T16:41:46.460-05:00  INFO 4776 --- [BarkBuddies] [           main] c.b.B.BarkBuddiesApplicationTests        : Starting BarkBuddiesApplicationTests using Java 21.0.3 with PID 4776 (started by Stefani W in C:\Users\Stefani W\BarkBuddies)
2024-10-15T16:41:46.461-05:00  INFO 4776 --- [BarkBuddies] [           main] c.b.B.BarkBuddiesApplicationTests        : No active profile set, falling back to 1 default profile: "default"
2024-10-15T16:41:47.207-05:00  INFO 4776 --- [BarkBuddies] [           main] o.s.b.a.w.s.WelcomePageHandlerMapping    : Adding welcome page template: index
2024-10-15T16:41:47.618-05:00  INFO 4776 --- [BarkBuddies] [           main] c.b.B.BarkBuddiesApplicationTests        : Started BarkBuddiesApplicationTests in 1.351 seconds (process running for 2.221)
]]></system-out>
    <system-err><![CDATA[WARNING: A Java agent has been loaded dynamically (C:\Users\Stefani W\.m2\repository\net\bytebuddy\byte-buddy-agent\1.14.19\byte-buddy-agent-1.14.19.jar)
WARNING: If a serviceability tool is in use, please run with -XX:+EnableDynamicAgentLoading to hide this warning
WARNING: If a serviceability tool is not in use, please run with -Djdk.instrument.traceUsage for more information
WARNING: Dynamic loading of agents will be disallowed by default in a future release
]]></system-err>
  </testcase>
</testsuite>